2026-03-31 09:26:28 +08:00: StoryBuddy (故事伙伴) server is running on http://localhost:7891
2026-03-31 09:26:28 +08:00: Core concept: "孩子是故事的导演，AI是温柔的副导演"
2026-03-31 09:26:28 +08:00: Make sure to set DASHSCOPE_API_KEY in .env file
2026-04-02 15:31:30 +08:00: Needs image: false
2026-04-02 15:32:03 +08:00: Needs image: true
2026-04-02 15:32:03 +08:00: Generating story image...
2026-04-02 15:32:11 +08:00: Image URL extracted from choices format: https://dashscope-result-sh.oss-cn-shanghai.aliyuncs.com/7d/70/20260402/d23adf3d/0847ae1c-a08a-9cb7-9d66-67c8ec25d543870179681.png?Expires=1775720931&OSSAccessKeyId=LTAI5tKPD3TMqf2Lna1fASuh&Signature=%2F%2FktgsWFo9IpiWugl7uqYN1UeWM%3D
2026-04-02 15:32:11 +08:00: Attempting to download image from: https://dashscope-result-sh.oss-cn-shanghai.aliyuncs.com/7d/70/20260402/d23adf3d/0847ae1c-a08a-9cb7-9d66-67c8ec25d543870179681.png?Expires=1775720931&OSSAccessKeyId=LTAI5tKPD3TMqf2Lna1fASuh&Signature=%2F%2FktgsWFo9IpiWugl7uqYN1UeWM%3D
2026-04-02 15:32:11 +08:00: Parsed URL: https://dashscope-result-sh.oss-cn-shanghai.aliyuncs.com/7d/70/20260402/d23adf3d/0847ae1c-a08a-9cb7-9d66-67c8ec25d543870179681.png?Expires=1775720931&OSSAccessKeyId=LTAI5tKPD3TMqf2Lna1fASuh&Signature=%2F%2FktgsWFo9IpiWugl7uqYN1UeWM%3D
2026-04-02 15:32:11 +08:00: Image download response status: 200
2026-04-02 15:32:12 +08:00: Downloaded image size: 485936 bytes
2026-04-02 15:32:12 +08:00: Image saved successfully: /images/stories/story_1775115132019.png
2026-04-02 15:32:31 +08:00: Needs image: true
2026-04-02 15:32:31 +08:00: Generating story image...
2026-04-02 15:32:39 +08:00: Image URL extracted from choices format: https://dashscope-result-sh.oss-cn-shanghai.aliyuncs.com/7d/09/20260402/d23adf3d/116be51e-ba54-956d-bdf0-50aa2c9ab4301026932965.png?Expires=1775720958&OSSAccessKeyId=LTAI5tKPD3TMqf2Lna1fASuh&Signature=I8773pfRAT5%2FfljY8ySwv6bsCI0%3D
2026-04-02 15:32:39 +08:00: Attempting to download image from: https://dashscope-result-sh.oss-cn-shanghai.aliyuncs.com/7d/09/20260402/d23adf3d/116be51e-ba54-956d-bdf0-50aa2c9ab4301026932965.png?Expires=1775720958&OSSAccessKeyId=LTAI5tKPD3TMqf2Lna1fASuh&Signature=I8773pfRAT5%2FfljY8ySwv6bsCI0%3D
2026-04-02 15:32:39 +08:00: Parsed URL: https://dashscope-result-sh.oss-cn-shanghai.aliyuncs.com/7d/09/20260402/d23adf3d/116be51e-ba54-956d-bdf0-50aa2c9ab4301026932965.png?Expires=1775720958&OSSAccessKeyId=LTAI5tKPD3TMqf2Lna1fASuh&Signature=I8773pfRAT5%2FfljY8ySwv6bsCI0%3D
2026-04-02 15:32:39 +08:00: Image download response status: 200
2026-04-02 15:32:39 +08:00: Downloaded image size: 494705 bytes
2026-04-02 15:32:39 +08:00: Image saved successfully: /images/stories/story_1775115159267.png
2026-04-02 15:32:56 +08:00: Needs image: true
2026-04-02 15:32:56 +08:00: Generating story image...
2026-04-02 15:33:21 +08:00: Needs image: false
2026-04-02 17:25:40 +08:00: Needs image: false
2026-04-12 18:02:36 +08:00: Needs image: false
2026-04-12 18:03:01 +08:00: Needs image: false
2026-05-08 14:10:33 +08:00: Needs image: false
2026-05-08 14:11:22 +08:00: Needs image: false
2026-05-08 14:12:31 +08:00: Needs image: false
